[debug] [2023-08-21T05:27:35.843Z] ----------------------------------------------------------------------
[debug] [2023-08-21T05:27:35.845Z] Command:       E:\nodejs\node.exe C:\Users\Zesshi\AppData\Roaming\npm\node_modules\firebase-tools\lib\bin\firebase.js init
[debug] [2023-08-21T05:27:35.845Z] CLI Version:   12.4.8
[debug] [2023-08-21T05:27:35.846Z] Platform:      win32
[debug] [2023-08-21T05:27:35.846Z] Node Version:  v18.12.1
[debug] [2023-08-21T05:27:35.847Z] Time:          Mon Aug 21 2023 12:27:35 GMT+0700 (Indochina Time)
[debug] [2023-08-21T05:27:35.847Z] ----------------------------------------------------------------------
[debug] 
[debug] [2023-08-21T05:27:35.859Z] > command requires scopes: ["email","openid","https://www.googleapis.com/auth/cloudplatformprojects.readonly","https://www.googleapis.com/auth/firebase","https://www.googleapis.com/auth/cloud-platform"]
[debug] [2023-08-21T05:27:35.859Z] > authorizing via signed-in user (fhanthom65@gmail.com)
[info] 
     ######## #### ########  ######## ########     ###     ######  ########
     ##        ##  ##     ## ##       ##     ##  ##   ##  ##       ##
     ######    ##  ########  ######   ########  #########  ######  ######
     ##        ##  ##    ##  ##       ##     ## ##     ##       ## ##
     ##       #### ##     ## ######## ########  ##     ##  ######  ########

You're about to initialize a Firebase project in this directory:

  E:\Users\Zesshi\Documents\GitHub\project01-mairoo\Project01-mairoo

[info] 
=== Project Setup
[info] 
[info] First, let's associate this project directory with a Firebase project.
[info] You can create multiple project aliases by running firebase use --add, 
[info] but for now we'll just set up a default project.
[info] 
[debug] [2023-08-21T05:28:59.407Z] >>> [apiv2][query] GET https://firebase.googleapis.com/v1beta1/projects pageSize=100
[debug] [2023-08-21T05:29:00.054Z] <<< [apiv2][status] GET https://firebase.googleapis.com/v1beta1/projects 200
[debug] [2023-08-21T05:29:00.054Z] <<< [apiv2][body] GET https://firebase.googleapis.com/v1beta1/projects [omitted]
[info] i  Using project mairoo-se331 (Mairoo-SE331) 
[info] 
=== Hosting Setup
[info] 
[info] Your public directory is the folder (relative to your project directory) that
[info] will contain Hosting assets to be uploaded with firebase deploy. If you
[info] have a build process for your assets, use your build's output directory.
[info] 
[debug] [2023-08-21T05:29:35.811Z] >>> [apiv2][query] GET https://www.gstatic.com/firebasejs/releases.json [none]
[debug] [2023-08-21T05:29:35.935Z] <<< [apiv2][status] GET https://www.gstatic.com/firebasejs/releases.json 200
[debug] [2023-08-21T05:29:35.936Z] <<< [apiv2][body] GET https://www.gstatic.com/firebasejs/releases.json {"current":{"version":"10.2.0","browserURL":"https://www.gstatic.com/firebasejs/10.2.0/firebase.js","packageURL":"https://www.gstatic.com/firebasejs/10.2.0/firebase.tgz"},"live":{"version":"10.2","browserURL":"https://www.gstatic.com/firebasejs/live/10.2/firebase.js","packageURL":"https://www.gstatic.com/firebasejs/live/10.2/firebase.tgz"},"components":{"analytics":"https://www.gstatic.com/firebasejs/10.2.0/firebase-analytics.js","app":"https://www.gstatic.com/firebasejs/10.2.0/firebase-app.js","app-check":"https://www.gstatic.com/firebasejs/10.2.0/firebase-app-check.js","auth":"https://www.gstatic.com/firebasejs/10.2.0/firebase-auth.js","auth/cordova":"https://www.gstatic.com/firebasejs/10.2.0/firebase-auth/cordova.js","functions":"https://www.gstatic.com/firebasejs/10.2.0/firebase-functions.js","firestore":"https://www.gstatic.com/firebasejs/10.2.0/firebase-firestore.js","firestore/lite":"https://www.gstatic.com/firebasejs/10.2.0/firebase-firestore/lite.js","installations":"https://www.gstatic.com/firebasejs/10.2.0/firebase-installations.js","storage":"https://www.gstatic.com/firebasejs/10.2.0/firebase-storage.js","performance":"https://www.gstatic.com/firebasejs/10.2.0/firebase-performance.js","remote-config":"https://www.gstatic.com/firebasejs/10.2.0/firebase-remote-config.js","messaging":"https://www.gstatic.com/firebasejs/10.2.0/firebase-messaging.js","messaging/sw":"https://www.gstatic.com/firebasejs/10.2.0/firebase-messaging/sw.js","database":"https://www.gstatic.com/firebasejs/10.2.0/firebase-database.js","firestore.memory":"https://www.gstatic.com/firebasejs/10.2.0/firebase-firestore.memory.js"}}
[info] +  Wrote dist/index.html 
[info] 
[info] i  Detected a .git folder at E:\Users\Zesshi\Documents\GitHub\project01-mairoo 
[info] i  Authorizing with GitHub to upload your service account to a GitHub repository's secrets store. 
[info] 
[info] Visit this URL on this device to log in:
[info] https://github.com/login/oauth/authorize?client_id=89cf50f02ac6aaed3484&state=391733557&redirect_uri=http%3A%2F%2Flocalhost%3A9005&scope=read%3Auser%20repo%20public_repo
[info] 
[info] Waiting for authentication...
[debug] [2023-08-21T05:29:36.975Z] >>> [apiv2][query] POST https://github.com/login/oauth/access_token [none]
[debug] [2023-08-21T05:29:36.975Z] >>> [apiv2][body] POST https://github.com/login/oauth/access_token [stream]
[debug] [2023-08-21T05:29:37.414Z] <<< [apiv2][status] POST https://github.com/login/oauth/access_token 200
[debug] [2023-08-21T05:29:37.414Z] <<< [apiv2][body] POST https://github.com/login/oauth/access_token {"access_token":"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","token_type":"bearer","scope":"read:user,repo"}
[debug] [2023-08-21T05:29:37.420Z] >>> [apiv2][query] GET https://api.github.com/user [none]
[debug] [2023-08-21T05:29:37.898Z] <<< [apiv2][status] GET https://api.github.com/user 200
[debug] [2023-08-21T05:29:37.898Z] <<< [apiv2][body] GET https://api.github.com/user {"login":"ZesshiF","id":120100680,"node_id":"U_kgDOByiXSA","avatar_url":"https://avatars.githubusercontent.com/u/120100680?v=4","gravatar_id":"","url":"https://api.github.com/users/ZesshiF","html_url":"https://github.com/ZesshiF","followers_url":"https://api.github.com/users/ZesshiF/followers","following_url":"https://api.github.com/users/ZesshiF/following{/other_user}","gists_url":"https://api.github.com/users/ZesshiF/gists{/gist_id}","starred_url":"https://api.github.com/users/ZesshiF/starred{/owner}{/repo}","subscriptions_url":"https://api.github.com/users/ZesshiF/subscriptions","organizations_url":"https://api.github.com/users/ZesshiF/orgs","repos_url":"https://api.github.com/users/ZesshiF/repos","events_url":"https://api.github.com/users/ZesshiF/events{/privacy}","received_events_url":"https://api.github.com/users/ZesshiF/received_events","type":"User","site_admin":false,"name":"Yotsawat","company":null,"blog":"","location":null,"email":null,"hireable":null,"bio":null,"twitter_username":null,"public_repos":12,"public_gists":0,"followers":1,"following":3,"created_at":"2022-12-08T11:13:56Z","updated_at":"2023-08-13T09:35:53Z","private_gists":0,"total_private_repos":1,"owned_private_repos":1,"disk_usage":348,"collaborators":0,"two_factor_authentication":false,"plan":{"name":"free","space":976562499,"collaborators":0,"private_repos":10000}}
[info] 
[info] +  Success! Logged into GitHub as ZesshiF 
[info] 
[debug] [2023-08-21T05:33:34.722Z] >>> [apiv2][query] GET https://api.github.com/repos/SE331-2023-project1/project-mairoo/actions/secrets/public-key type=owner
[debug] [2023-08-21T05:33:35.144Z] <<< [apiv2][status] GET https://api.github.com/repos/SE331-2023-project1/project-mairoo/actions/secrets/public-key 404
[debug] [2023-08-21T05:33:35.144Z] <<< [apiv2][body] GET https://api.github.com/repos/SE331-2023-project1/project-mairoo/actions/secrets/public-key {"message":"Not Found","documentation_url":"https://docs.github.com/rest/actions/secrets#get-a-repository-public-key"}
[info] 
[info] 
[error] !  The provided authorization cannot be used with this repository. If this repository is in an organization, did you remember to grant access? 
[info] 
[info] i  Action required: Visit this URL to ensure access has been granted to the appropriate organization(s) for the Firebase CLI GitHub OAuth App: 
[info] https://github.com/settings/connections/applications/89cf50f02ac6aaed3484
[info] 
[debug] [2023-08-21T05:34:24.158Z] >>> [apiv2][query] GET https://api.github.com/repos/SE331-2023-project1/project-mairoo/actions/secrets/public-key type=owner
[debug] [2023-08-21T05:34:24.565Z] <<< [apiv2][status] GET https://api.github.com/repos/SE331-2023-project1/project-mairoo/actions/secrets/public-key 404
[debug] [2023-08-21T05:34:24.565Z] <<< [apiv2][body] GET https://api.github.com/repos/SE331-2023-project1/project-mairoo/actions/secrets/public-key {"message":"Not Found","documentation_url":"https://docs.github.com/rest/actions/secrets#get-a-repository-public-key"}
[info] 
[info] 
[error] !  The provided authorization cannot be used with this repository. If this repository is in an organization, did you remember to grant access? 
[info] 
[info] i  Action required: Visit this URL to ensure access has been granted to the appropriate organization(s) for the Firebase CLI GitHub OAuth App: 
[info] https://github.com/settings/connections/applications/89cf50f02ac6aaed3484
[info] 
[debug] [2023-08-21T05:34:56.222Z] >>> [apiv2][query] GET https://api.github.com/repos//actions/secrets/public-key type=owner
[debug] [2023-08-21T05:34:56.592Z] <<< [apiv2][status] GET https://api.github.com/repos//actions/secrets/public-key 401
[debug] [2023-08-21T05:34:56.592Z] <<< [apiv2][body] GET https://api.github.com/repos//actions/secrets/public-key {"message":"Bad credentials","documentation_url":"https://docs.github.com/rest"}
[debug] [2023-08-21T05:34:57.693Z] >>> [apiv2][query] GET https://api.github.com/repos/SE331-2023-project1/project-mairoo/actions/secrets/public-key type=owner
[debug] [2023-08-21T05:34:58.067Z] <<< [apiv2][status] GET https://api.github.com/repos/SE331-2023-project1/project-mairoo/actions/secrets/public-key 401
[debug] [2023-08-21T05:34:58.067Z] <<< [apiv2][body] GET https://api.github.com/repos/SE331-2023-project1/project-mairoo/actions/secrets/public-key {"message":"Bad credentials","documentation_url":"https://docs.github.com/rest"}
[debug] [2023-08-21T05:35:01.097Z] >>> [apiv2][query] GET https://api.github.com/repos/SE331-2023-project1/project-mairoo/actions/secrets/public-key type=owner
[debug] [2023-08-21T05:35:01.476Z] <<< [apiv2][status] GET https://api.github.com/repos/SE331-2023-project1/project-mairoo/actions/secrets/public-key 401
[debug] [2023-08-21T05:35:01.476Z] <<< [apiv2][body] GET https://api.github.com/repos/SE331-2023-project1/project-mairoo/actions/secrets/public-key {"message":"Bad credentials","documentation_url":"https://docs.github.com/rest"}
[debug] [2023-08-21T05:35:01.590Z] >>> [apiv2][query] GET https://api.github.com/repos/SE331-2023-project1/project-mairoo/actions/secrets/public-key type=owner
[debug] [2023-08-21T05:35:01.964Z] <<< [apiv2][status] GET https://api.github.com/repos/SE331-2023-project1/project-mairoo/actions/secrets/public-key 401
[debug] [2023-08-21T05:35:01.964Z] <<< [apiv2][body] GET https://api.github.com/repos/SE331-2023-project1/project-mairoo/actions/secrets/public-key {"message":"Bad credentials","documentation_url":"https://docs.github.com/rest"}
[debug] [2023-08-21T05:35:53.088Z] >>> [apiv2][query] GET https://api.github.com/repos/SE331-2023-project1/project-mairoo/actions/secrets/public-key type=owner
[debug] [2023-08-21T05:35:53.462Z] <<< [apiv2][status] GET https://api.github.com/repos/SE331-2023-project1/project-mairoo/actions/secrets/public-key 401
[debug] [2023-08-21T05:35:53.462Z] <<< [apiv2][body] GET https://api.github.com/repos/SE331-2023-project1/project-mairoo/actions/secrets/public-key {"message":"Bad credentials","documentation_url":"https://docs.github.com/rest"}
[debug] [2023-08-21T05:42:03.700Z] ----------------------------------------------------------------------
[debug] [2023-08-21T05:42:03.703Z] Command:       E:\nodejs\node.exe C:\Users\Zesshi\AppData\Roaming\npm\node_modules\firebase-tools\lib\bin\firebase.js init
[debug] [2023-08-21T05:42:03.703Z] CLI Version:   12.4.8
[debug] [2023-08-21T05:42:03.703Z] Platform:      win32
[debug] [2023-08-21T05:42:03.704Z] Node Version:  v18.12.1
[debug] [2023-08-21T05:42:03.705Z] Time:          Mon Aug 21 2023 12:42:03 GMT+0700 (Indochina Time)
[debug] [2023-08-21T05:42:03.705Z] ----------------------------------------------------------------------
[debug] 
[debug] [2023-08-21T05:42:03.716Z] > command requires scopes: ["email","openid","https://www.googleapis.com/auth/cloudplatformprojects.readonly","https://www.googleapis.com/auth/firebase","https://www.googleapis.com/auth/cloud-platform"]
[debug] [2023-08-21T05:42:03.717Z] > authorizing via signed-in user (fhanthom65@gmail.com)
[info] 
     ######## #### ########  ######## ########     ###     ######  ########
     ##        ##  ##     ## ##       ##     ##  ##   ##  ##       ##
     ######    ##  ########  ######   ########  #########  ######  ######
     ##        ##  ##    ##  ##       ##     ## ##     ##       ## ##
     ##       #### ##     ## ######## ########  ##     ##  ######  ########

You're about to initialize a Firebase project in this directory:

  E:\Users\Zesshi\Documents\GitHub\project01-mairoo\Project01-mairoo

[info] 
=== Project Setup
[info] 
[info] First, let's associate this project directory with a Firebase project.
[info] You can create multiple project aliases by running firebase use --add, 
[info] but for now we'll just set up a default project.
[info] 
[debug] [2023-08-21T05:42:10.016Z] >>> [apiv2][query] GET https://firebase.googleapis.com/v1beta1/projects pageSize=100
[debug] [2023-08-21T05:42:10.769Z] <<< [apiv2][status] GET https://firebase.googleapis.com/v1beta1/projects 200
[debug] [2023-08-21T05:42:10.769Z] <<< [apiv2][body] GET https://firebase.googleapis.com/v1beta1/projects [omitted]
[info] i  Using project mairoo-se331 (Mairoo-SE331) 
[info] 
=== Hosting Setup
[info] 
[info] Your public directory is the folder (relative to your project directory) that
[info] will contain Hosting assets to be uploaded with firebase deploy. If you
[info] have a build process for your assets, use your build's output directory.
[info] 
[debug] [2023-08-21T05:42:23.392Z] >>> [apiv2][query] GET https://www.gstatic.com/firebasejs/releases.json [none]
[debug] [2023-08-21T05:42:23.515Z] <<< [apiv2][status] GET https://www.gstatic.com/firebasejs/releases.json 200
[debug] [2023-08-21T05:42:23.515Z] <<< [apiv2][body] GET https://www.gstatic.com/firebasejs/releases.json {"current":{"version":"10.2.0","browserURL":"https://www.gstatic.com/firebasejs/10.2.0/firebase.js","packageURL":"https://www.gstatic.com/firebasejs/10.2.0/firebase.tgz"},"live":{"version":"10.2","browserURL":"https://www.gstatic.com/firebasejs/live/10.2/firebase.js","packageURL":"https://www.gstatic.com/firebasejs/live/10.2/firebase.tgz"},"components":{"analytics":"https://www.gstatic.com/firebasejs/10.2.0/firebase-analytics.js","app":"https://www.gstatic.com/firebasejs/10.2.0/firebase-app.js","app-check":"https://www.gstatic.com/firebasejs/10.2.0/firebase-app-check.js","auth":"https://www.gstatic.com/firebasejs/10.2.0/firebase-auth.js","auth/cordova":"https://www.gstatic.com/firebasejs/10.2.0/firebase-auth/cordova.js","functions":"https://www.gstatic.com/firebasejs/10.2.0/firebase-functions.js","firestore":"https://www.gstatic.com/firebasejs/10.2.0/firebase-firestore.js","firestore/lite":"https://www.gstatic.com/firebasejs/10.2.0/firebase-firestore/lite.js","installations":"https://www.gstatic.com/firebasejs/10.2.0/firebase-installations.js","storage":"https://www.gstatic.com/firebasejs/10.2.0/firebase-storage.js","performance":"https://www.gstatic.com/firebasejs/10.2.0/firebase-performance.js","remote-config":"https://www.gstatic.com/firebasejs/10.2.0/firebase-remote-config.js","messaging":"https://www.gstatic.com/firebasejs/10.2.0/firebase-messaging.js","messaging/sw":"https://www.gstatic.com/firebasejs/10.2.0/firebase-messaging/sw.js","database":"https://www.gstatic.com/firebasejs/10.2.0/firebase-database.js","firestore.memory":"https://www.gstatic.com/firebasejs/10.2.0/firebase-firestore.memory.js"}}
[info] +  Wrote dist/index.html 
[info] 
[info] i  Detected a .git folder at E:\Users\Zesshi\Documents\GitHub\project01-mairoo 
[info] i  Authorizing with GitHub to upload your service account to a GitHub repository's secrets store. 
[info] 
[info] Visit this URL on this device to log in:
[info] https://github.com/login/oauth/authorize?client_id=89cf50f02ac6aaed3484&state=526585010&redirect_uri=http%3A%2F%2Flocalhost%3A9005&scope=read%3Auser%20repo%20public_repo
[info] 
[info] Waiting for authentication...
[debug] [2023-08-21T05:42:59.463Z] >>> [apiv2][query] POST https://github.com/login/oauth/access_token [none]
[debug] [2023-08-21T05:42:59.463Z] >>> [apiv2][body] POST https://github.com/login/oauth/access_token [stream]
[debug] [2023-08-21T05:42:59.875Z] <<< [apiv2][status] POST https://github.com/login/oauth/access_token 200
[debug] [2023-08-21T05:42:59.875Z] <<< [apiv2][body] POST https://github.com/login/oauth/access_token {"access_token":"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","token_type":"bearer","scope":"read:user,repo"}
[debug] [2023-08-21T05:42:59.882Z] >>> [apiv2][query] GET https://api.github.com/user [none]
[debug] [2023-08-21T05:43:00.328Z] <<< [apiv2][status] GET https://api.github.com/user 200
[debug] [2023-08-21T05:43:00.329Z] <<< [apiv2][body] GET https://api.github.com/user {"login":"ZesshiF","id":120100680,"node_id":"U_kgDOByiXSA","avatar_url":"https://avatars.githubusercontent.com/u/120100680?v=4","gravatar_id":"","url":"https://api.github.com/users/ZesshiF","html_url":"https://github.com/ZesshiF","followers_url":"https://api.github.com/users/ZesshiF/followers","following_url":"https://api.github.com/users/ZesshiF/following{/other_user}","gists_url":"https://api.github.com/users/ZesshiF/gists{/gist_id}","starred_url":"https://api.github.com/users/ZesshiF/starred{/owner}{/repo}","subscriptions_url":"https://api.github.com/users/ZesshiF/subscriptions","organizations_url":"https://api.github.com/users/ZesshiF/orgs","repos_url":"https://api.github.com/users/ZesshiF/repos","events_url":"https://api.github.com/users/ZesshiF/events{/privacy}","received_events_url":"https://api.github.com/users/ZesshiF/received_events","type":"User","site_admin":false,"name":"Yotsawat","company":null,"blog":"","location":null,"email":null,"hireable":null,"bio":null,"twitter_username":null,"public_repos":12,"public_gists":0,"followers":1,"following":3,"created_at":"2022-12-08T11:13:56Z","updated_at":"2023-08-13T09:35:53Z","private_gists":0,"total_private_repos":1,"owned_private_repos":1,"disk_usage":348,"collaborators":0,"two_factor_authentication":false,"plan":{"name":"free","space":976562499,"collaborators":0,"private_repos":10000}}
[info] 
[info] +  Success! Logged into GitHub as ZesshiF 
[info] 
[debug] [2023-08-21T05:44:00.654Z] >>> [apiv2][query] GET https://api.github.com/repos/SE331-2023-project1/project1-mairoo/actions/secrets/public-key type=owner
[debug] [2023-08-21T05:44:01.079Z] <<< [apiv2][status] GET https://api.github.com/repos/SE331-2023-project1/project1-mairoo/actions/secrets/public-key 404
[debug] [2023-08-21T05:44:01.079Z] <<< [apiv2][body] GET https://api.github.com/repos/SE331-2023-project1/project1-mairoo/actions/secrets/public-key {"message":"Not Found","documentation_url":"https://docs.github.com/rest/actions/secrets#get-a-repository-public-key"}
[info] 
[info] 
[error] !  The provided authorization cannot be used with this repository. If this repository is in an organization, did you remember to grant access? 
[info] 
[info] i  Action required: Visit this URL to ensure access has been granted to the appropriate organization(s) for the Firebase CLI GitHub OAuth App: 
[info] https://github.com/settings/connections/applications/89cf50f02ac6aaed3484
[info] 
[debug] [2023-08-21T05:46:08.435Z] >>> [apiv2][query] GET https://api.github.com/repos/SE331-2023-project1/project1-mairoo/actions/secrets/public-key type=owner
[debug] [2023-08-21T05:46:08.875Z] <<< [apiv2][status] GET https://api.github.com/repos/SE331-2023-project1/project1-mairoo/actions/secrets/public-key 404
[debug] [2023-08-21T05:46:08.875Z] <<< [apiv2][body] GET https://api.github.com/repos/SE331-2023-project1/project1-mairoo/actions/secrets/public-key {"message":"Not Found","documentation_url":"https://docs.github.com/rest/actions/secrets#get-a-repository-public-key"}
[info] 
[info] 
[error] !  The provided authorization cannot be used with this repository. If this repository is in an organization, did you remember to grant access? 
[info] 
[info] i  Action required: Visit this URL to ensure access has been granted to the appropriate organization(s) for the Firebase CLI GitHub OAuth App: 
[info] https://github.com/settings/connections/applications/89cf50f02ac6aaed3484
[info] 
